<?xml version="1.0" encoding="UTF-8"?>
<!-- Generated by org.testng.reporters.JUnitReportReporter -->
<testsuite hostname="IN-6YPGH92" name="com.morningstar.PDFCompareTest" tests="1" failures="0" timestamp="5 May 2017 09:30:53 GMT" time="7.905" errors="0">
  <testcase name="pdfCompareTest" time="7.905" classname="com.morningstar.PDFCompareTest"/>
</testsuite> <!-- com.morningstar.PDFCompareTest -->
